[     598ms] Error: Minified React error #425; visit https://reactjs.org/docs/error-decoder.html?invariant=425 for the full message or use the non-minified dev environment for full errors and additional helpful warnings.
    at ao (https://100t.xiaomimimo.com/161.fdba2bf3.chunk.js:14:68)
    at Gc (https://100t.xiaomimimo.com/161.fdba2bf3.chunk.js:16:19100)
    at Ru (https://100t.xiaomimimo.com/161.fdba2bf3.chunk.js:16:40647)
    at Tu (https://100t.xiaomimimo.com/161.fdba2bf3.chunk.js:16:40536)
    at Zc (https://100t.xiaomimimo.com/161.fdba2bf3.chunk.js:16:40403)
    at jo (https://100t.xiaomimimo.com/161.fdba2bf3.chunk.js:16:40256)
    at xu (https://100t.xiaomimimo.com/161.fdba2bf3.chunk.js:16:35237)
    at M (https://100t.xiaomimimo.com/161.fdba2bf3.chunk.js:40:1603)
    at MessagePort.V (https://100t.xiaomimimo.com/161.fdba2bf3.chunk.js:40:1977)
[     603ms] Error: Minified React error #418; visit https://reactjs.org/docs/error-decoder.html?invariant=418 for the full message or use the non-minified dev environment for full errors and additional helpful warnings.
    at Os (https://100t.xiaomimimo.com/161.fdba2bf3.chunk.js:14:4926)
    at Pu (https://100t.xiaomimimo.com/161.fdba2bf3.chunk.js:16:46645)
    at Tu (https://100t.xiaomimimo.com/161.fdba2bf3.chunk.js:16:40475)
    at Zc (https://100t.xiaomimimo.com/161.fdba2bf3.chunk.js:16:40403)
    at jo (https://100t.xiaomimimo.com/161.fdba2bf3.chunk.js:16:40256)
    at xu (https://100t.xiaomimimo.com/161.fdba2bf3.chunk.js:16:35237)
    at M (https://100t.xiaomimimo.com/161.fdba2bf3.chunk.js:40:1603)
    at MessagePort.V (https://100t.xiaomimimo.com/161.fdba2bf3.chunk.js:40:1977)
[     603ms] Error: Minified React error #418; visit https://reactjs.org/docs/error-decoder.html?invariant=418 for the full message or use the non-minified dev environment for full errors and additional helpful warnings.
    at Os (https://100t.xiaomimimo.com/161.fdba2bf3.chunk.js:14:4926)
    at Pu (https://100t.xiaomimimo.com/161.fdba2bf3.chunk.js:16:46645)
    at Tu (https://100t.xiaomimimo.com/161.fdba2bf3.chunk.js:16:40475)
    at Zc (https://100t.xiaomimimo.com/161.fdba2bf3.chunk.js:16:40403)
    at jo (https://100t.xiaomimimo.com/161.fdba2bf3.chunk.js:16:40256)
    at xu (https://100t.xiaomimimo.com/161.fdba2bf3.chunk.js:16:35237)
    at M (https://100t.xiaomimimo.com/161.fdba2bf3.chunk.js:40:1603)
    at MessagePort.V (https://100t.xiaomimimo.com/161.fdba2bf3.chunk.js:40:1977)
[     603ms] Error: Minified React error #418; visit https://reactjs.org/docs/error-decoder.html?invariant=418 for the full message or use the non-minified dev environment for full errors and additional helpful warnings.
    at Os (https://100t.xiaomimimo.com/161.fdba2bf3.chunk.js:14:4926)
    at Pu (https://100t.xiaomimimo.com/161.fdba2bf3.chunk.js:16:46468)
    at Tu (https://100t.xiaomimimo.com/161.fdba2bf3.chunk.js:16:40475)
    at Zc (https://100t.xiaomimimo.com/161.fdba2bf3.chunk.js:16:40403)
    at jo (https://100t.xiaomimimo.com/161.fdba2bf3.chunk.js:16:40256)
    at xu (https://100t.xiaomimimo.com/161.fdba2bf3.chunk.js:16:35237)
    at M (https://100t.xiaomimimo.com/161.fdba2bf3.chunk.js:40:1603)
    at MessagePort.V (https://100t.xiaomimimo.com/161.fdba2bf3.chunk.js:40:1977)
[     603ms] Error: Minified React error #418; visit https://reactjs.org/docs/error-decoder.html?invariant=418 for the full message or use the non-minified dev environment for full errors and additional helpful warnings.
    at Os (https://100t.xiaomimimo.com/161.fdba2bf3.chunk.js:14:4926)
    at Pu (https://100t.xiaomimimo.com/161.fdba2bf3.chunk.js:16:46468)
    at Tu (https://100t.xiaomimimo.com/161.fdba2bf3.chunk.js:16:40475)
    at Zc (https://100t.xiaomimimo.com/161.fdba2bf3.chunk.js:16:40403)
    at jo (https://100t.xiaomimimo.com/161.fdba2bf3.chunk.js:16:40256)
    at xu (https://100t.xiaomimimo.com/161.fdba2bf3.chunk.js:16:35237)
    at M (https://100t.xiaomimimo.com/161.fdba2bf3.chunk.js:40:1603)
    at MessagePort.V (https://100t.xiaomimimo.com/161.fdba2bf3.chunk.js:40:1977)
[     603ms] Error: Minified React error #418; visit https://reactjs.org/docs/error-decoder.html?invariant=418 for the full message or use the non-minified dev environment for full errors and additional helpful warnings.
    at Os (https://100t.xiaomimimo.com/161.fdba2bf3.chunk.js:14:4926)
    at Pu (https://100t.xiaomimimo.com/161.fdba2bf3.chunk.js:16:46468)
    at Tu (https://100t.xiaomimimo.com/161.fdba2bf3.chunk.js:16:40475)
    at Zc (https://100t.xiaomimimo.com/161.fdba2bf3.chunk.js:16:40403)
    at jo (https://100t.xiaomimimo.com/161.fdba2bf3.chunk.js:16:40256)
    at xu (https://100t.xiaomimimo.com/161.fdba2bf3.chunk.js:16:35237)
    at M (https://100t.xiaomimimo.com/161.fdba2bf3.chunk.js:40:1603)
    at MessagePort.V (https://100t.xiaomimimo.com/161.fdba2bf3.chunk.js:40:1977)
[     603ms] Error: Minified React error #418; visit https://reactjs.org/docs/error-decoder.html?invariant=418 for the full message or use the non-minified dev environment for full errors and additional helpful warnings.
    at Os (https://100t.xiaomimimo.com/161.fdba2bf3.chunk.js:14:4926)
    at Pu (https://100t.xiaomimimo.com/161.fdba2bf3.chunk.js:16:46468)
    at Tu (https://100t.xiaomimimo.com/161.fdba2bf3.chunk.js:16:40475)
    at Zc (https://100t.xiaomimimo.com/161.fdba2bf3.chunk.js:16:40403)
    at jo (https://100t.xiaomimimo.com/161.fdba2bf3.chunk.js:16:40256)
    at xu (https://100t.xiaomimimo.com/161.fdba2bf3.chunk.js:16:35237)
    at M (https://100t.xiaomimimo.com/161.fdba2bf3.chunk.js:40:1603)
    at MessagePort.V (https://100t.xiaomimimo.com/161.fdba2bf3.chunk.js:40:1977)
[     603ms] Error: Minified React error #418; visit https://reactjs.org/docs/error-decoder.html?invariant=418 for the full message or use the non-minified dev environment for full errors and additional helpful warnings.
    at Os (https://100t.xiaomimimo.com/161.fdba2bf3.chunk.js:14:4926)
    at Pu (https://100t.xiaomimimo.com/161.fdba2bf3.chunk.js:16:46468)
    at Tu (https://100t.xiaomimimo.com/161.fdba2bf3.chunk.js:16:40475)
    at Zc (https://100t.xiaomimimo.com/161.fdba2bf3.chunk.js:16:40403)
    at jo (https://100t.xiaomimimo.com/161.fdba2bf3.chunk.js:16:40256)
    at xu (https://100t.xiaomimimo.com/161.fdba2bf3.chunk.js:16:35237)
    at M (https://100t.xiaomimimo.com/161.fdba2bf3.chunk.js:40:1603)
    at MessagePort.V (https://100t.xiaomimimo.com/161.fdba2bf3.chunk.js:40:1977)
[     603ms] Error: Minified React error #418; visit https://reactjs.org/docs/error-decoder.html?invariant=418 for the full message or use the non-minified dev environment for full errors and additional helpful warnings.
    at Os (https://100t.xiaomimimo.com/161.fdba2bf3.chunk.js:14:4926)
    at Pu (https://100t.xiaomimimo.com/161.fdba2bf3.chunk.js:16:46468)
    at Tu (https://100t.xiaomimimo.com/161.fdba2bf3.chunk.js:16:40475)
    at Zc (https://100t.xiaomimimo.com/161.fdba2bf3.chunk.js:16:40403)
    at jo (https://100t.xiaomimimo.com/161.fdba2bf3.chunk.js:16:40256)
    at xu (https://100t.xiaomimimo.com/161.fdba2bf3.chunk.js:16:35237)
    at M (https://100t.xiaomimimo.com/161.fdba2bf3.chunk.js:40:1603)
    at MessagePort.V (https://100t.xiaomimimo.com/161.fdba2bf3.chunk.js:40:1977)
[     603ms] Error: Minified React error #423; visit https://reactjs.org/docs/error-decoder.html?invariant=423 for the full message or use the non-minified dev environment for full errors and additional helpful warnings.
    at Pu (https://100t.xiaomimimo.com/161.fdba2bf3.chunk.js:16:46127)
    at Tu (https://100t.xiaomimimo.com/161.fdba2bf3.chunk.js:16:40475)
    at Zc (https://100t.xiaomimimo.com/161.fdba2bf3.chunk.js:16:40403)
    at jo (https://100t.xiaomimimo.com/161.fdba2bf3.chunk.js:16:40256)
    at li (https://100t.xiaomimimo.com/161.fdba2bf3.chunk.js:16:36525)
    at xu (https://100t.xiaomimimo.com/161.fdba2bf3.chunk.js:16:35473)
    at M (https://100t.xiaomimimo.com/161.fdba2bf3.chunk.js:40:1603)
    at MessagePort.V (https://100t.xiaomimimo.com/161.fdba2bf3.chunk.js:40:1977)
[  129792ms] [ERROR] Failed to load resource: the server responded with a status of 404 () @ https://100t.xiaomimimo.com/792.babccd7b.chunk.js:0
